\BOOKMARK [1][-]{section.1}{Data Modelling}{}% 1
\BOOKMARK [2][-]{subsection.1.1}{Relational model}{section.1}% 2
\BOOKMARK [2][-]{subsection.1.2}{NoSQL}{section.1}% 3
\BOOKMARK [3][-]{subsubsection.1.2.1}{Document BasedMongoDB}{subsection.1.2}% 4
\BOOKMARK [3][-]{subsubsection.1.2.2}{GraphDBNeo4J}{subsection.1.2}% 5
\BOOKMARK [3][-]{subsubsection.1.2.3}{Key-Value Model}{subsection.1.2}% 6
\BOOKMARK [3][-]{subsubsection.1.2.4}{Wide Column and BigTable}{subsection.1.2}% 7
\BOOKMARK [1][-]{section.2}{Data Distribution}{}% 8
\BOOKMARK [2][-]{subsection.2.1}{Fragmentation and Replication}{section.2}% 9
\BOOKMARK [2][-]{subsection.2.2}{MongoDB's Approach: ShardingScalingMongoDB}{section.2}% 10
\BOOKMARK [2][-]{subsection.2.3}{HBase}{section.2}% 11
\BOOKMARK [2][-]{subsection.2.4}{Cassandra}{section.2}% 12
\BOOKMARK [1][-]{section.3}{Big Data Architecture}{}% 13
\BOOKMARK [2][-]{subsection.3.1}{HDFS}{section.3}% 14
\BOOKMARK [2][-]{subsection.3.2}{Map Reduce}{section.3}% 15
\BOOKMARK [2][-]{subsection.3.3}{Hadoop}{section.3}% 16
\BOOKMARK [2][-]{subsection.3.4}{Data Lake}{section.3}% 17
\BOOKMARK [1][-]{section.4}{Data quality and integration}{}% 18
\BOOKMARK [2][-]{subsection.4.1}{Record Linkage}{section.4}% 19
\BOOKMARK [2][-]{subsection.4.2}{Data Fusion}{section.4}% 20
